This is pdfTeX, Version 3.14159265-2.6-1.40.20 (MiKTeX 2.9.7000 64-bit) (preloaded format=pdflatex 2019.5.19)  16 NOV 2019 18:24
entering extended mode
**./thesis.tex
(thesis.tex
LaTeX2e <2018-12-01>
("C:\Program Files\MiKTeX 2.9\tex/latex/base\report.cls"
Document Class: report 2018/09/03 v1.4i Standard LaTeX document class
("C:\Program Files\MiKTeX 2.9\tex/latex/base\size12.clo"
File: size12.clo 2018/09/03 v1.4i Standard LaTeX file (size option)
)
\c@part=\count80
\c@chapter=\count81
\c@section=\count82
\c@subsection=\count83
\c@subsubsection=\count84
\c@paragraph=\count85
\c@subparagraph=\count86
\c@figure=\count87
\c@table=\count88
\abovecaptionskip=\skip41
\belowcaptionskip=\skip42
\bibindent=\dimen102
)
("C:\Program Files\MiKTeX 2.9\tex/latex/setspace\setspace.sty"
Package: setspace 2011/12/19 v6.7a set line spacing
)
("C:\Program Files\MiKTeX 2.9\tex/latex/tools\xspace.sty"
Package: xspace 2014/10/28 v1.13 Space after command names (DPC,MH)
)
("C:\Program Files\MiKTeX 2.9\tex/latex/algorithms\algorithmic.sty"
Package: algorithmic 2009/08/24 v0.1 Document Style `algorithmic'

("C:\Program Files\MiKTeX 2.9\tex/latex/base\ifthen.sty"
Package: ifthen 2014/09/29 v1.1c Standard LaTeX ifthen package (DPC)
)
("C:\Program Files\MiKTeX 2.9\tex/latex/graphics\keyval.sty"
Package: keyval 2014/10/28 v1.15 key=value parser (DPC)
\KV@toks@=\toks14
)
\c@ALC@unique=\count89
\c@ALC@line=\count90
\c@ALC@rem=\count91
\c@ALC@depth=\count92
\ALC@tlm=\skip43
\algorithmicindent=\skip44
)
("C:\Program Files\MiKTeX 2.9\tex/latex/algorithms\algorithm.sty"
Package: algorithm 2009/08/24 v0.1 Document Style `algorithm' - floating enviro
nment

("C:\Program Files\MiKTeX 2.9\tex/latex/float\float.sty"
Package: float 2001/11/08 v1.3d Float enhancements (AL)
\c@float@type=\count93
\float@exts=\toks15
\float@box=\box27
\@float@everytoks=\toks16
\@floatcapt=\box28
)
\@float@every@algorithm=\toks17
\c@algorithm=\count94
)
("C:\Program Files\MiKTeX 2.9\tex/latex/microtype\microtype.sty"
Package: microtype 2019/02/28 v2.7b Micro-typographical refinements (RS)
\MT@toks=\toks18
\MT@count=\count95
LaTeX Info: Redefining \textls on input line 790.
\MT@outer@kern=\dimen103
LaTeX Info: Redefining \textmicrotypecontext on input line 1336.
\MT@listname@count=\count96

("C:\Program Files\MiKTeX 2.9\tex/latex/microtype\microtype-pdftex.def"
File: microtype-pdftex.def 2019/02/28 v2.7b Definitions specific to pdftex (RS)

LaTeX Info: Redefining \lsstyle on input line 914.
LaTeX Info: Redefining \lslig on input line 914.
\MT@outer@space=\skip45
)
Package microtype Info: Loading configuration file microtype.cfg.

("C:\Program Files\MiKTeX 2.9\tex/latex/microtype\microtype.cfg"
File: microtype.cfg 2019/02/28 v2.7b microtype main configuration file (RS)
))
("C:\Program Files\MiKTeX 2.9\tex/latex/subfigure\subfigure.sty"
Package: subfigure 2002/07/30 v2.1.4 subfigure package
\subfigtopskip=\skip46
\subfigcapskip=\skip47
\subfigcaptopadj=\dimen104
\subfigbottomskip=\skip48
\subfigcapmargin=\dimen105
\subfiglabelskip=\skip49
\c@subfigure=\count97
\c@lofdepth=\count98
\c@subtable=\count99
\c@lotdepth=\count100

****************************************
* Local config file subfigure.cfg used *
****************************************
("C:\Program Files\MiKTeX 2.9\tex/latex/subfigure\subfigure.cfg")
\subfig@top=\skip50
\subfig@bottom=\skip51
)
("C:\Program Files\MiKTeX 2.9\tex/latex/graphics\color.sty"
Package: color 2016/07/10 v1.1e Standard LaTeX Color (DPC)

("C:\Program Files\MiKTeX 2.9\tex/latex/graphics-cfg\color.cfg"
File: color.cfg 2016/01/02 v1.6 sample color configuration
)
Package color Info: Driver file: pdftex.def on input line 147.

("C:\Program Files\MiKTeX 2.9\tex/latex/graphics-def\pdftex.def"
File: pdftex.def 2018/01/08 v1.0l Graphics/color driver for pdftex
))
("C:\Program Files\MiKTeX 2.9\tex/latex/url\url.sty"
\Urlmuskip=\muskip10
Package: url 2013/09/16  ver 3.4  Verb mode for urls, etc.
)
("C:\Program Files\MiKTeX 2.9\tex/latex/lipsum\lipsum.sty"
("C:\Program Files\MiKTeX 2.9\tex/latex/l3kernel\expl3.sty"
Package: expl3 2019-05-09 L3 programming layer (loader) 

("C:\Program Files\MiKTeX 2.9\tex/latex/l3kernel\expl3-code.tex"
Package: expl3 2019-05-09 L3 programming layer (code)
\c_max_int=\count101
\l_tmpa_int=\count102
\l_tmpb_int=\count103
\g_tmpa_int=\count104
\g_tmpb_int=\count105
\g__kernel_prg_map_int=\count106
\c__ior_term_ior=\count107
\c_log_iow=\count108
\l_iow_line_count_int=\count109
\l__iow_line_target_int=\count110
\l__iow_one_indent_int=\count111
\l__iow_indent_int=\count112
\c_zero_dim=\dimen106
\c_max_dim=\dimen107
\l_tmpa_dim=\dimen108
\l_tmpb_dim=\dimen109
\g_tmpa_dim=\dimen110
\g_tmpb_dim=\dimen111
\c_zero_skip=\skip52
\c_max_skip=\skip53
\l_tmpa_skip=\skip54
\l_tmpb_skip=\skip55
\g_tmpa_skip=\skip56
\g_tmpb_skip=\skip57
\c_zero_muskip=\muskip11
\c_max_muskip=\muskip12
\l_tmpa_muskip=\muskip13
\l_tmpb_muskip=\muskip14
\g_tmpa_muskip=\muskip15
\g_tmpb_muskip=\muskip16
\l_keys_choice_int=\count113
\l__intarray_loop_int=\count114
\c__intarray_sp_dim=\dimen112
\g__intarray_font_int=\count115
\c__fp_leading_shift_int=\count116
\c__fp_middle_shift_int=\count117
\c__fp_trailing_shift_int=\count118
\c__fp_big_leading_shift_int=\count119
\c__fp_big_middle_shift_int=\count120
\c__fp_big_trailing_shift_int=\count121
\c__fp_Bigg_leading_shift_int=\count122
\c__fp_Bigg_middle_shift_int=\count123
\c__fp_Bigg_trailing_shift_int=\count124
\c__kernel_randint_max_int=\count125
\g__fp_array_int=\count126
\l__fp_array_loop_int=\count127
\l__sort_length_int=\count128
\l__sort_min_int=\count129
\l__sort_top_int=\count130
\l__sort_max_int=\count131
\l__sort_true_max_int=\count132
\l__sort_block_int=\count133
\l__sort_begin_int=\count134
\l__sort_end_int=\count135
\l__sort_A_int=\count136
\l__sort_B_int=\count137
\l__sort_C_int=\count138
\l__tl_analysis_normal_int=\count139
\l__tl_analysis_index_int=\count140
\l__tl_analysis_nesting_int=\count141
\l__tl_analysis_type_int=\count142
\l__regex_internal_a_int=\count143
\l__regex_internal_b_int=\count144
\l__regex_internal_c_int=\count145
\l__regex_balance_int=\count146
\l__regex_group_level_int=\count147
\l__regex_mode_int=\count148
\c__regex_cs_in_class_mode_int=\count149
\c__regex_cs_mode_int=\count150
\l__regex_catcodes_int=\count151
\l__regex_default_catcodes_int=\count152
\c__regex_catcode_D_int=\count153
\c__regex_catcode_S_int=\count154
\c__regex_catcode_L_int=\count155
\c__regex_catcode_O_int=\count156
\c__regex_catcode_A_int=\count157
\c__regex_all_catcodes_int=\count158
\l__regex_show_lines_int=\count159
\l__regex_min_state_int=\count160
\l__regex_max_state_int=\count161
\l__regex_left_state_int=\count162
\l__regex_right_state_int=\count163
\l__regex_capturing_group_int=\count164
\l__regex_min_pos_int=\count165
\l__regex_max_pos_int=\count166
\l__regex_curr_pos_int=\count167
\l__regex_start_pos_int=\count168
\l__regex_success_pos_int=\count169
\l__regex_curr_char_int=\count170
\l__regex_curr_catcode_int=\count171
\l__regex_last_char_int=\count172
\l__regex_case_changed_char_int=\count173
\l__regex_curr_state_int=\count174
\l__regex_step_int=\count175
\l__regex_min_active_int=\count176
\l__regex_max_active_int=\count177
\l__regex_replacement_csnames_int=\count178
\l__regex_match_count_int=\count179
\l__regex_min_submatch_int=\count180
\l__regex_submatch_int=\count181
\l__regex_zeroth_submatch_int=\count182
\g__regex_trace_regex_int=\count183
\c_empty_box=\box29
\l_tmpa_box=\box30
\l_tmpb_box=\box31
\g_tmpa_box=\box32
\g_tmpb_box=\box33
\l__box_top_dim=\dimen113
\l__box_bottom_dim=\dimen114
\l__box_left_dim=\dimen115
\l__box_right_dim=\dimen116
\l__box_top_new_dim=\dimen117
\l__box_bottom_new_dim=\dimen118
\l__box_left_new_dim=\dimen119
\l__box_right_new_dim=\dimen120
\l__box_internal_box=\box34
\l__coffin_internal_box=\box35
\l__coffin_internal_dim=\dimen121
\l__coffin_offset_x_dim=\dimen122
\l__coffin_offset_y_dim=\dimen123
\l__coffin_x_dim=\dimen124
\l__coffin_y_dim=\dimen125
\l__coffin_x_prime_dim=\dimen126
\l__coffin_y_prime_dim=\dimen127
\c_empty_coffin=\box36
\l__coffin_aligned_coffin=\box37
\l__coffin_aligned_internal_coffin=\box38
\l_tmpa_coffin=\box39
\l_tmpb_coffin=\box40
\g_tmpa_coffin=\box41
\g_tmpb_coffin=\box42
\l__coffin_bounding_shift_dim=\dimen128
\l__coffin_left_corner_dim=\dimen129
\l__coffin_right_corner_dim=\dimen130
\l__coffin_bottom_corner_dim=\dimen131
\l__coffin_top_corner_dim=\dimen132
\l__coffin_scaled_total_height_dim=\dimen133
\l__coffin_scaled_width_dim=\dimen134
\c__coffin_empty_coffin=\box43
\l__coffin_display_coffin=\box44
\l__coffin_display_coord_coffin=\box45
\l__coffin_display_pole_coffin=\box46
\l__coffin_display_offset_dim=\dimen135
\l__coffin_display_x_dim=\dimen136
\l__coffin_display_y_dim=\dimen137
\g__file_internal_ior=\read1
\l__seq_internal_a_int=\count184
\l__seq_internal_b_int=\count185
\c__deprecation_minus_one=\count186
)
("C:\Program Files\MiKTeX 2.9\tex/latex/l3kernel\l3pdfmode.def"
File: l3pdfmode.def 2019-04-06 v L3 Experimental driver: PDF mode
\l__driver_internal_box=\box47
\l__driver_color_stack_int=\count187
))
("C:\Program Files\MiKTeX 2.9\tex/latex/l3packages/xparse\xparse.sty"
Package: xparse 2019-05-03 L3 Experimental document command parser
\l__xparse_current_arg_int=\count188
\g__xparse_grabber_int=\count189
\l__xparse_m_args_int=\count190
\l__xparse_v_nesting_int=\count191
)
Package: lipsum 2019/01/02 v2.2 150 paragraphs of Lorem Ipsum dummy text

("C:\Program Files\MiKTeX 2.9\tex/latex/lipsum\lipsum.ltd.tex"
File: lipsum.ltd.tex 2019/01/02 v2.2 The Lorem ipsum dummy text
))
("C:\Program Files\MiKTeX 2.9\tex/latex/fancyhdr\fancyhdr.sty"
Package: fancyhdr 2019/01/31 v3.10 Extensive control of page headers and footer
s
\f@nch@headwidth=\skip58
\f@nch@O@elh=\skip59
\f@nch@O@erh=\skip60
\f@nch@O@olh=\skip61
\f@nch@O@orh=\skip62
\f@nch@O@elf=\skip63
\f@nch@O@erf=\skip64
\f@nch@O@olf=\skip65
\f@nch@O@orf=\skip66
)
(definitions.tex ("C:\Program Files\MiKTeX 2.9\tex/latex/graphics\graphicx.sty"
Package: graphicx 2017/06/01 v1.1a Enhanced LaTeX Graphics (DPC,SPQR)
("C:\Program Files\MiKTeX 2.9\tex/latex/graphics\graphics.sty"
Package: graphics 2017/06/25 v1.2c Standard LaTeX Graphics (DPC,SPQR)

("C:\Program Files\MiKTeX 2.9\tex/latex/graphics\trig.sty"
Package: trig 2016/01/03 v1.10 sin cos tan (DPC)
)
("C:\Program Files\MiKTeX 2.9\tex/latex/graphics-cfg\graphics.cfg"
File: graphics.cfg 2016/06/04 v1.11 sample graphics configuration
)
Package graphics Info: Driver file: pdftex.def on input line 99.
)
\Gin@req@height=\dimen138
\Gin@req@width=\dimen139
)
("C:\Program Files\MiKTeX 2.9\tex/latex/tools\indentfirst.sty"
Package: indentfirst 1995/11/23 v1.03 Indent first paragraph (DPC)
)
("C:\Program Files\MiKTeX 2.9\tex/latex/amscls\amsthm.sty"
Package: amsthm 2017/10/31 v2.20.4
\thm@style=\toks19
\thm@bodyfont=\toks20
\thm@headfont=\toks21
\thm@notefont=\toks22
\thm@headpunct=\toks23
\thm@preskip=\skip67
\thm@postskip=\skip68
\thm@headsep=\skip69
\dth@everypar=\toks24
)
("C:\Program Files\MiKTeX 2.9\tex/latex/amsmath\amsmath.sty"
Package: amsmath 2018/12/01 v2.17b AMS math features
\@mathmargin=\skip70

For additional information on amsmath, use the `?' option.
("C:\Program Files\MiKTeX 2.9\tex/latex/amsmath\amstext.sty"
Package: amstext 2000/06/29 v2.01 AMS text

("C:\Program Files\MiKTeX 2.9\tex/latex/amsmath\amsgen.sty"
File: amsgen.sty 1999/11/30 v2.0 generic functions
\@emptytoks=\toks25
\ex@=\dimen140
))
("C:\Program Files\MiKTeX 2.9\tex/latex/amsmath\amsbsy.sty"
Package: amsbsy 1999/11/29 v1.2d Bold Symbols
\pmbraise@=\dimen141
)
("C:\Program Files\MiKTeX 2.9\tex/latex/amsmath\amsopn.sty"
Package: amsopn 2016/03/08 v2.02 operator names
)
\inf@bad=\count192
LaTeX Info: Redefining \frac on input line 223.
\uproot@=\count193
\leftroot@=\count194
LaTeX Info: Redefining \overline on input line 385.
\classnum@=\count195
\DOTSCASE@=\count196
LaTeX Info: Redefining \ldots on input line 482.
LaTeX Info: Redefining \dots on input line 485.
LaTeX Info: Redefining \cdots on input line 606.
\Mathstrutbox@=\box48
\strutbox@=\box49
\big@size=\dimen142
LaTeX Font Info:    Redeclaring font encoding OML on input line 729.
LaTeX Font Info:    Redeclaring font encoding OMS on input line 730.
\macc@depth=\count197
\c@MaxMatrixCols=\count198
\dotsspace@=\muskip17
\c@parentequation=\count199
\dspbrk@lvl=\count266
\tag@help=\toks26
\row@=\count267
\column@=\count268
\maxfields@=\count269
\andhelp@=\toks27
\eqnshift@=\dimen143
\alignsep@=\dimen144
\tagshift@=\dimen145
\tagwidth@=\dimen146
\totwidth@=\dimen147
\lineht@=\dimen148
\@envbody=\toks28
\multlinegap=\skip71
\multlinetaggap=\skip72
\mathdisplay@stack=\toks29
LaTeX Info: Redefining \[ on input line 2844.
LaTeX Info: Redefining \] on input line 2845.
)
("C:\Program Files\MiKTeX 2.9\tex/latex/amsfonts\amsfonts.sty"
Package: amsfonts 2013/01/14 v3.01 Basic AMSFonts support
\symAMSa=\mathgroup4
\symAMSb=\mathgroup5
LaTeX Font Info:    Overwriting math alphabet `\mathfrak' in version `bold'
(Font)                  U/euf/m/n --> U/euf/b/n on input line 106.
)
("C:\Program Files\MiKTeX 2.9\tex/latex/amsfonts\amssymb.sty"
Package: amssymb 2013/01/14 v3.01 AMS font symbols
)
("C:\Program Files\MiKTeX 2.9\tex/latex/todonotes\todonotes.sty"
Package: todonotes 2019/01/24 v1.1.2 Todonotes source and documentation.
Package: todonotes 2018/11/22

("C:\Program Files\MiKTeX 2.9\tex/latex/xkeyval\xkeyval.sty"
Package: xkeyval 2014/12/03 v2.7a package option processing (HA)

("C:\Program Files\MiKTeX 2.9\tex/generic/xkeyval\xkeyval.tex"
("C:\Program Files\MiKTeX 2.9\tex/generic/xkeyval\xkvutils.tex"
\XKV@toks=\toks30
\XKV@tempa@toks=\toks31
)
\XKV@depth=\count270
File: xkeyval.tex 2014/12/03 v2.7a key=value parser (HA)
))
("C:\Program Files\MiKTeX 2.9\tex/latex/xcolor\xcolor.sty"
Package: xcolor 2016/05/11 v2.12 LaTeX color extensions (UK)

("C:\Program Files\MiKTeX 2.9\tex/latex/graphics-cfg\color.cfg"
File: color.cfg 2016/01/02 v1.6 sample color configuration
)
Package xcolor Info: Driver file: pdftex.def on input line 225.
LaTeX Info: Redefining \color on input line 709.
Package xcolor Info: Model `cmy' substituted by `cmy0' on input line 1348.
Package xcolor Info: Model `hsb' substituted by `rgb' on input line 1352.
Package xcolor Info: Model `RGB' extended on input line 1364.
Package xcolor Info: Model `HTML' substituted by `rgb' on input line 1366.
Package xcolor Info: Model `Hsb' substituted by `hsb' on input line 1367.
Package xcolor Info: Model `tHsb' substituted by `hsb' on input line 1368.
Package xcolor Info: Model `HSB' substituted by `hsb' on input line 1369.
Package xcolor Info: Model `Gray' substituted by `gray' on input line 1370.
Package xcolor Info: Model `wave' substituted by `hsb' on input line 1371.
)
("C:\Program Files\MiKTeX 2.9\tex/latex/pgf/frontendlayer\tikz.sty"
("C:\Program Files\MiKTeX 2.9\tex/latex/pgf/basiclayer\pgf.sty"
("C:\Program Files\MiKTeX 2.9\tex/latex/pgf/utilities\pgfrcs.sty"
("C:\Program Files\MiKTeX 2.9\tex/generic/pgf/utilities\pgfutil-common.tex"
\pgfutil@everybye=\toks32
\pgfutil@tempdima=\dimen149
\pgfutil@tempdimb=\dimen150

("C:\Program Files\MiKTeX 2.9\tex/generic/pgf/utilities\pgfutil-common-lists.te
x")) ("C:\Program Files\MiKTeX 2.9\tex/generic/pgf/utilities\pgfutil-latex.def"
\pgfutil@abb=\box50
("C:\Program Files\MiKTeX 2.9\tex/latex/ms\everyshi.sty"
Package: everyshi 2001/05/15 v3.00 EveryShipout Package (MS)
))
("C:\Program Files\MiKTeX 2.9\tex/generic/pgf/utilities\pgfrcs.code.tex"
("C:\Program Files\MiKTeX 2.9\tex/generic/pgf\pgf.revision.tex")
Package: pgfrcs 2019/05/09 v3.1.3 (3.1.3)
))
Package: pgf 2019/05/09 v3.1.3 (3.1.3)

("C:\Program Files\MiKTeX 2.9\tex/latex/pgf/basiclayer\pgfcore.sty"
("C:\Program Files\MiKTeX 2.9\tex/latex/pgf/systemlayer\pgfsys.sty"
("C:\Program Files\MiKTeX 2.9\tex/generic/pgf/systemlayer\pgfsys.code.tex"
Package: pgfsys 2019/05/09 v3.1.3 (3.1.3)

("C:\Program Files\MiKTeX 2.9\tex/generic/pgf/utilities\pgfkeys.code.tex"
\pgfkeys@pathtoks=\toks33
\pgfkeys@temptoks=\toks34

("C:\Program Files\MiKTeX 2.9\tex/generic/pgf/utilities\pgfkeysfiltered.code.te
x"
\pgfkeys@tmptoks=\toks35
))
\pgf@x=\dimen151
\pgf@y=\dimen152
\pgf@xa=\dimen153
\pgf@ya=\dimen154
\pgf@xb=\dimen155
\pgf@yb=\dimen156
\pgf@xc=\dimen157
\pgf@yc=\dimen158
\pgf@xd=\dimen159
\pgf@yd=\dimen160
\w@pgf@writea=\write3
\r@pgf@reada=\read2
\c@pgf@counta=\count271
\c@pgf@countb=\count272
\c@pgf@countc=\count273
\c@pgf@countd=\count274
\t@pgf@toka=\toks36
\t@pgf@tokb=\toks37
\t@pgf@tokc=\toks38
\pgf@sys@id@count=\count275
 ("C:\Program Files\MiKTeX 2.9\tex/generic/pgf/systemlayer\pgf.cfg"
File: pgf.cfg 2019/05/09 v3.1.3 (3.1.3)
)
Driver file for pgf: pgfsys-pdftex.def

("C:\Program Files\MiKTeX 2.9\tex/generic/pgf/systemlayer\pgfsys-pdftex.def"
File: pgfsys-pdftex.def 2019/05/09 v3.1.3 (3.1.3)

("C:\Program Files\MiKTeX 2.9\tex/generic/pgf/systemlayer\pgfsys-common-pdf.def
"
File: pgfsys-common-pdf.def 2019/05/09 v3.1.3 (3.1.3)
)))
("C:\Program Files\MiKTeX 2.9\tex/generic/pgf/systemlayer\pgfsyssoftpath.code.t
ex"
File: pgfsyssoftpath.code.tex 2019/05/09 v3.1.3 (3.1.3)
\pgfsyssoftpath@smallbuffer@items=\count276
\pgfsyssoftpath@bigbuffer@items=\count277
)
("C:\Program Files\MiKTeX 2.9\tex/generic/pgf/systemlayer\pgfsysprotocol.code.t
ex"
File: pgfsysprotocol.code.tex 2019/05/09 v3.1.3 (3.1.3)
)) ("C:\Program Files\MiKTeX 2.9\tex/generic/pgf/basiclayer\pgfcore.code.tex"
Package: pgfcore 2019/05/09 v3.1.3 (3.1.3)
 ("C:\Program Files\MiKTeX 2.9\tex/generic/pgf/math\pgfmath.code.tex"
("C:\Program Files\MiKTeX 2.9\tex/generic/pgf/math\pgfmathcalc.code.tex"
("C:\Program Files\MiKTeX 2.9\tex/generic/pgf/math\pgfmathutil.code.tex")
("C:\Program Files\MiKTeX 2.9\tex/generic/pgf/math\pgfmathparser.code.tex"
\pgfmath@dimen=\dimen161
\pgfmath@count=\count278
\pgfmath@box=\box51
\pgfmath@toks=\toks39
\pgfmath@stack@operand=\toks40
\pgfmath@stack@operation=\toks41
)
("C:\Program Files\MiKTeX 2.9\tex/generic/pgf/math\pgfmathfunctions.code.tex"
("C:\Program Files\MiKTeX 2.9\tex/generic/pgf/math\pgfmathfunctions.basic.code.
tex")
("C:\Program Files\MiKTeX 2.9\tex/generic/pgf/math\pgfmathfunctions.trigonometr
ic.code.tex")
("C:\Program Files\MiKTeX 2.9\tex/generic/pgf/math\pgfmathfunctions.random.code
.tex")
("C:\Program Files\MiKTeX 2.9\tex/generic/pgf/math\pgfmathfunctions.comparison.
code.tex")
("C:\Program Files\MiKTeX 2.9\tex/generic/pgf/math\pgfmathfunctions.base.code.t
ex")
("C:\Program Files\MiKTeX 2.9\tex/generic/pgf/math\pgfmathfunctions.round.code.
tex")
("C:\Program Files\MiKTeX 2.9\tex/generic/pgf/math\pgfmathfunctions.misc.code.t
ex")
("C:\Program Files\MiKTeX 2.9\tex/generic/pgf/math\pgfmathfunctions.integerarit
hmetics.code.tex")))
("C:\Program Files\MiKTeX 2.9\tex/generic/pgf/math\pgfmathfloat.code.tex"
\c@pgfmathroundto@lastzeros=\count279
))
("C:\Program Files\MiKTeX 2.9\tex/generic/pgf/math\pgfint.code.tex")
("C:\Program Files\MiKTeX 2.9\tex/generic/pgf/basiclayer\pgfcorepoints.code.tex
"
File: pgfcorepoints.code.tex 2019/05/09 v3.1.3 (3.1.3)
\pgf@picminx=\dimen162
\pgf@picmaxx=\dimen163
\pgf@picminy=\dimen164
\pgf@picmaxy=\dimen165
\pgf@pathminx=\dimen166
\pgf@pathmaxx=\dimen167
\pgf@pathminy=\dimen168
\pgf@pathmaxy=\dimen169
\pgf@xx=\dimen170
\pgf@xy=\dimen171
\pgf@yx=\dimen172
\pgf@yy=\dimen173
\pgf@zx=\dimen174
\pgf@zy=\dimen175
)
("C:\Program Files\MiKTeX 2.9\tex/generic/pgf/basiclayer\pgfcorepathconstruct.c
ode.tex"
File: pgfcorepathconstruct.code.tex 2019/05/09 v3.1.3 (3.1.3)
\pgf@path@lastx=\dimen176
\pgf@path@lasty=\dimen177
)
("C:\Program Files\MiKTeX 2.9\tex/generic/pgf/basiclayer\pgfcorepathusage.code.
tex"
File: pgfcorepathusage.code.tex 2019/05/09 v3.1.3 (3.1.3)
\pgf@shorten@end@additional=\dimen178
\pgf@shorten@start@additional=\dimen179
)
("C:\Program Files\MiKTeX 2.9\tex/generic/pgf/basiclayer\pgfcorescopes.code.tex
"
File: pgfcorescopes.code.tex 2019/05/09 v3.1.3 (3.1.3)
\pgfpic=\box52
\pgf@hbox=\box53
\pgf@layerbox@main=\box54
\pgf@picture@serial@count=\count280
)
("C:\Program Files\MiKTeX 2.9\tex/generic/pgf/basiclayer\pgfcoregraphicstate.co
de.tex"
File: pgfcoregraphicstate.code.tex 2019/05/09 v3.1.3 (3.1.3)
\pgflinewidth=\dimen180
)
("C:\Program Files\MiKTeX 2.9\tex/generic/pgf/basiclayer\pgfcoretransformations
.code.tex"
File: pgfcoretransformations.code.tex 2019/05/09 v3.1.3 (3.1.3)
\pgf@pt@x=\dimen181
\pgf@pt@y=\dimen182
\pgf@pt@temp=\dimen183
)
("C:\Program Files\MiKTeX 2.9\tex/generic/pgf/basiclayer\pgfcorequick.code.tex"
File: pgfcorequick.code.tex 2019/05/09 v3.1.3 (3.1.3)
)
("C:\Program Files\MiKTeX 2.9\tex/generic/pgf/basiclayer\pgfcoreobjects.code.te
x"
File: pgfcoreobjects.code.tex 2019/05/09 v3.1.3 (3.1.3)
)
("C:\Program Files\MiKTeX 2.9\tex/generic/pgf/basiclayer\pgfcorepathprocessing.
code.tex"
File: pgfcorepathprocessing.code.tex 2019/05/09 v3.1.3 (3.1.3)
)
("C:\Program Files\MiKTeX 2.9\tex/generic/pgf/basiclayer\pgfcorearrows.code.tex
"
File: pgfcorearrows.code.tex 2019/05/09 v3.1.3 (3.1.3)
\pgfarrowsep=\dimen184
)
("C:\Program Files\MiKTeX 2.9\tex/generic/pgf/basiclayer\pgfcoreshade.code.tex"
File: pgfcoreshade.code.tex 2019/05/09 v3.1.3 (3.1.3)
\pgf@max=\dimen185
\pgf@sys@shading@range@num=\count281
\pgf@shadingcount=\count282
) ("C:\Program Files\MiKTeX 2.9\tex/generic/pgf/basiclayer\pgfcoreimage.code.te
x"
File: pgfcoreimage.code.tex 2019/05/09 v3.1.3 (3.1.3)

("C:\Program Files\MiKTeX 2.9\tex/generic/pgf/basiclayer\pgfcoreexternal.code.t
ex"
File: pgfcoreexternal.code.tex 2019/05/09 v3.1.3 (3.1.3)
\pgfexternal@startupbox=\box55
))
("C:\Program Files\MiKTeX 2.9\tex/generic/pgf/basiclayer\pgfcorelayers.code.tex
"
File: pgfcorelayers.code.tex 2019/05/09 v3.1.3 (3.1.3)
)
("C:\Program Files\MiKTeX 2.9\tex/generic/pgf/basiclayer\pgfcoretransparency.co
de.tex"
File: pgfcoretransparency.code.tex 2019/05/09 v3.1.3 (3.1.3)
)
("C:\Program Files\MiKTeX 2.9\tex/generic/pgf/basiclayer\pgfcorepatterns.code.t
ex"
File: pgfcorepatterns.code.tex 2019/05/09 v3.1.3 (3.1.3)
)
("C:\Program Files\MiKTeX 2.9\tex/generic/pgf/basiclayer\pgfcorerdf.code.tex"
File: pgfcorerdf.code.tex 2019/05/09 v3.1.3 (3.1.3)
))) ("C:\Program Files\MiKTeX 2.9\tex/generic/pgf/modules\pgfmoduleshapes.code.
tex"
File: pgfmoduleshapes.code.tex 2019/05/09 v3.1.3 (3.1.3)
\pgfnodeparttextbox=\box56
) ("C:\Program Files\MiKTeX 2.9\tex/generic/pgf/modules\pgfmoduleplot.code.tex"
File: pgfmoduleplot.code.tex 2019/05/09 v3.1.3 (3.1.3)
)
("C:\Program Files\MiKTeX 2.9\tex/latex/pgf/compatibility\pgfcomp-version-0-65.
sty"
Package: pgfcomp-version-0-65 2019/05/09 v3.1.3 (3.1.3)
\pgf@nodesepstart=\dimen186
\pgf@nodesepend=\dimen187
)
("C:\Program Files\MiKTeX 2.9\tex/latex/pgf/compatibility\pgfcomp-version-1-18.
sty"
Package: pgfcomp-version-1-18 2019/05/09 v3.1.3 (3.1.3)
)) ("C:\Program Files\MiKTeX 2.9\tex/latex/pgf/utilities\pgffor.sty"
("C:\Program Files\MiKTeX 2.9\tex/latex/pgf/utilities\pgfkeys.sty"
("C:\Program Files\MiKTeX 2.9\tex/generic/pgf/utilities\pgfkeys.code.tex"))
("C:\Program Files\MiKTeX 2.9\tex/latex/pgf/math\pgfmath.sty"
("C:\Program Files\MiKTeX 2.9\tex/generic/pgf/math\pgfmath.code.tex"))
("C:\Program Files\MiKTeX 2.9\tex/generic/pgf/utilities\pgffor.code.tex"
Package: pgffor 2019/05/09 v3.1.3 (3.1.3)

("C:\Program Files\MiKTeX 2.9\tex/generic/pgf/math\pgfmath.code.tex")
\pgffor@iter=\dimen188
\pgffor@skip=\dimen189
\pgffor@stack=\toks42
\pgffor@toks=\toks43
))
("C:\Program Files\MiKTeX 2.9\tex/generic/pgf/frontendlayer/tikz\tikz.code.tex"
Package: tikz 2019/05/09 v3.1.3 (3.1.3)

("C:\Program Files\MiKTeX 2.9\tex/generic/pgf/libraries\pgflibraryplothandlers.
code.tex"
File: pgflibraryplothandlers.code.tex 2019/05/09 v3.1.3 (3.1.3)
\pgf@plot@mark@count=\count283
\pgfplotmarksize=\dimen190
)
\tikz@lastx=\dimen191
\tikz@lasty=\dimen192
\tikz@lastxsaved=\dimen193
\tikz@lastysaved=\dimen194
\tikzleveldistance=\dimen195
\tikzsiblingdistance=\dimen196
\tikz@figbox=\box57
\tikz@figbox@bg=\box58
\tikz@tempbox=\box59
\tikz@tempbox@bg=\box60
\tikztreelevel=\count284
\tikznumberofchildren=\count285
\tikznumberofcurrentchild=\count286
\tikz@fig@count=\count287

("C:\Program Files\MiKTeX 2.9\tex/generic/pgf/modules\pgfmodulematrix.code.tex"
File: pgfmodulematrix.code.tex 2019/05/09 v3.1.3 (3.1.3)
\pgfmatrixcurrentrow=\count288
\pgfmatrixcurrentcolumn=\count289
\pgf@matrix@numberofcolumns=\count290
)
\tikz@expandcount=\count291

("C:\Program Files\MiKTeX 2.9\tex/generic/pgf/frontendlayer/tikz/libraries\tikz
librarytopaths.code.tex"
File: tikzlibrarytopaths.code.tex 2019/05/09 v3.1.3 (3.1.3)
)))
("C:\Program Files\MiKTeX 2.9\tex/generic/pgf/frontendlayer/tikz/libraries\tikz
librarypositioning.code.tex"
File: tikzlibrarypositioning.code.tex 2019/05/09 v3.1.3 (3.1.3)
)
("C:\Program Files\MiKTeX 2.9\tex/generic/pgf/frontendlayer/tikz/libraries\tikz
libraryshadows.code.tex"
File: tikzlibraryshadows.code.tex 2019/05/09 v3.1.3 (3.1.3)

("C:\Program Files\MiKTeX 2.9\tex/generic/pgf/frontendlayer/tikz/libraries\tikz
libraryfadings.code.tex"
File: tikzlibraryfadings.code.tex 2019/05/09 v3.1.3 (3.1.3)

("C:\Program Files\MiKTeX 2.9\tex/generic/pgf/libraries\pgflibraryfadings.code.
tex"
File: pgflibraryfadings.code.tex 2019/05/09 v3.1.3 (3.1.3)
))) ("C:\Program Files\MiKTeX 2.9\tex/latex/tools\calc.sty"
Package: calc 2017/05/25 v4.3 Infix arithmetic (KKT,FJ)
\calc@Acount=\count292
\calc@Bcount=\count293
\calc@Adimen=\dimen197
\calc@Bdimen=\dimen198
\calc@Askip=\skip73
\calc@Bskip=\skip74
LaTeX Info: Redefining \setlength on input line 80.
LaTeX Info: Redefining \addtolength on input line 81.
\calc@Ccount=\count294
\calc@Cskip=\skip75
)
\c@@todonotes@numberoftodonotes=\count295
)
("C:\Program Files\MiKTeX 2.9\tex/latex/multirow\multirow.sty"
Package: multirow 2019/01/01 v2.4 Span multiple rows of a table
\multirow@colwidth=\skip76
\multirow@cntb=\count296
\multirow@dima=\skip77
\bigstrutjot=\dimen199
)
("C:\Program Files\MiKTeX 2.9\tex/latex/listings\listings.sty"
\lst@mode=\count297
\lst@gtempboxa=\box61
\lst@token=\toks44
\lst@length=\count298
\lst@currlwidth=\dimen256
\lst@column=\count299
\lst@pos=\count300
\lst@lostspace=\dimen257
\lst@width=\dimen258
\lst@newlines=\count301
\lst@lineno=\count302
\lst@maxwidth=\dimen259

("C:\Program Files\MiKTeX 2.9\tex/latex/listings\lstmisc.sty"
File: lstmisc.sty 2019/02/27 1.8b (Carsten Heinz)
\c@lstnumber=\count303
\lst@skipnumbers=\count304
\lst@framebox=\box62
)
("C:\Program Files\MiKTeX 2.9\tex/latex/listings\listings.cfg"
File: listings.cfg 2019/02/27 1.8b listings configuration
))
Package: listings 2019/02/27 1.8b (Carsten Heinz)

("C:\Program Files\MiKTeX 2.9\tex/latex/natbib\natbib.sty"
Package: natbib 2010/09/13 8.31b (PWD, AO)
\bibhang=\skip78
\bibsep=\skip79
LaTeX Info: Redefining \cite on input line 694.
\c@NAT@ctr=\count305
)
("C:\Program Files\MiKTeX 2.9\tex/generic/xypic\xy.sty"
("C:\Program Files\MiKTeX 2.9\tex/generic/xypic\xy.tex" Bootstrap'ing:
catcodes, docmode, ("C:\Program Files\MiKTeX 2.9\tex/generic/xypic\xyrecat.tex"
) ("C:\Program Files\MiKTeX 2.9\tex/generic/xypic\xyidioms.tex")

 Xy-pic version 3.8.9 <2013/10/06>
 Copyright (c) 1991-2013 by Kristoffer H. Rose <krisrose@tug.org> and others
 Xy-pic is free software: see the User's Guide for details.

Loading kernel: messages; fonts; allocations: state,
\X@c=\dimen260
\Y@c=\dimen261
\U@c=\dimen262
\D@c=\dimen263
\L@c=\dimen264
\R@c=\dimen265
\Edge@c=\toks45
\X@p=\dimen266
\Y@p=\dimen267
\U@p=\dimen268
\D@p=\dimen269
\L@p=\dimen270
\R@p=\dimen271
\Edge@p=\toks46
\X@origin=\dimen272
\Y@origin=\dimen273
\X@xbase=\dimen274
\Y@xbase=\dimen275
\X@ybase=\dimen276
\Y@ybase=\dimen277
\X@min=\dimen278
\Y@min=\dimen279
\X@max=\dimen280
\Y@max=\dimen281
\lastobjectbox@=\box63
\zerodotbox@=\box64
\almostz@=\dimen282
 direction,
\d@X=\dimen283
\d@Y=\dimen284
\K@=\count306
\KK@=\count307
\Direction=\count308
\K@dXdY=\dimen285
\K@dYdX=\dimen286
\xyread@=\read3
\xywrite@=\write4
\csp@=\count309
\quotPTK@=\dimen287

utility macros; pictures: \xy, positions,
\swaptoks@@=\toks47
\connectobjectbox@@=\box65
 objects,
\styletoks@=\toks48
 decorations;
kernel objects: directionals, circles, text; options; algorithms: directions,
edges, connections;  Xy-pic loaded)
("C:\Program Files\MiKTeX 2.9\tex/generic/oberdiek\ifpdf.sty"
Package: ifpdf 2018/09/07 v3.3 Provides the ifpdf switch
)
Package: xy 2013/10/06 Xy-pic version 3.8.9

("C:\Program Files\MiKTeX 2.9\tex/generic/xypic\xycmtip.tex"
 Xy-pic option: Computer Modern tip extension v.3.7
("C:\Program Files\MiKTeX 2.9\tex/generic/xypic\xytips.tex"
 Xy-pic option: More Tips extension v.3.11 loaded) loaded)
("C:\Program Files\MiKTeX 2.9\tex/generic/xypic\xyall.tex"
 Xy-pic option: All features v.3.8
("C:\Program Files\MiKTeX 2.9\tex/generic/xypic\xycurve.tex"
 Xy-pic option: Curve and Spline extension v.3.12 curve,
\crv@cnt@=\count310
\crvpts@=\toks49
\splinebox@=\box66
\splineval@=\dimen288
\splinedepth@=\dimen289
\splinetol@=\dimen290
\splinelength@=\dimen291
 circles,
\L@=\dimen292
 loaded)
("C:\Program Files\MiKTeX 2.9\tex/generic/xypic\xyframe.tex"
 Xy-pic option: Frame and Bracket extension v.3.14 loaded)
("C:\Program Files\MiKTeX 2.9\tex/generic/xypic\xyline.tex"
 Xy-pic option: Line styles extension v.3.10
\xylinethick@=\dimen293
 loaded)
("C:\Program Files\MiKTeX 2.9\tex/generic/xypic\xyrotate.tex"
 Xy-pic option: Rotate and Scale extension v.3.8 loaded)
("C:\Program Files\MiKTeX 2.9\tex/generic/xypic\xycolor.tex"
 Xy-pic option: Colour extension v.3.11 loaded)
("C:\Program Files\MiKTeX 2.9\tex/generic/xypic\xymatrix.tex"
 Xy-pic option: Matrix feature v.3.14
\Row=\count311
\Col=\count312
\queue@=\toks50
\queue@@=\toks51
\qcount@=\count313
\qcount@@=\count314
\matrixsize@=\count315
 loaded)
("C:\Program Files\MiKTeX 2.9\tex/generic/xypic\xyarrow.tex"
 Xy-pic option: Arrow and Path feature v.3.9 path, \ar, loaded)
("C:\Program Files\MiKTeX 2.9\tex/generic/xypic\xygraph.tex"
 Xy-pic option: Graph feature v.3.11 loaded) loaded)
("C:\Program Files\MiKTeX 2.9\tex/generic/xypic\xypdf.tex"
 Xy-pic option: PDF driver v.1.7 Xy-pic pdf driver: `color' extension support
("C:\Program Files\MiKTeX 2.9\tex/generic/xypic\xypdf-co.tex" loaded)
Xy-pic pdf driver: `curve' extension support
("C:\Program Files\MiKTeX 2.9\tex/generic/xypic\xypdf-cu.tex" loaded)
Xy-pic pdf driver: `frame' extension support
("C:\Program Files\MiKTeX 2.9\tex/generic/xypic\xypdf-fr.tex" loaded)
Xy-pic pdf driver: `line' extension support
("C:\Program Files\MiKTeX 2.9\tex/generic/xypic\xypdf-li.tex" loaded)
Xy-pic pdf driver: `rotate' extension support
("C:\Program Files\MiKTeX 2.9\tex/generic/xypic\xypdf-ro.tex" loaded) loaded))
("C:\Program Files\MiKTeX 2.9\tex/latex/hyperref\hyperref.sty"
Package: hyperref 2018/11/30 v6.88e Hypertext links for LaTeX

("C:\Program Files\MiKTeX 2.9\tex/generic/oberdiek\hobsub-hyperref.sty"
Package: hobsub-hyperref 2016/05/16 v1.14 Bundle oberdiek, subset hyperref (HO)


("C:\Program Files\MiKTeX 2.9\tex/generic/oberdiek\hobsub-generic.sty"
Package: hobsub-generic 2016/05/16 v1.14 Bundle oberdiek, subset generic (HO)
Package: hobsub 2016/05/16 v1.14 Construct package bundles (HO)
Package: infwarerr 2016/05/16 v1.4 Providing info/warning/error messages (HO)
Package: ltxcmds 2016/05/16 v1.23 LaTeX kernel commands for general use (HO)
Package: ifluatex 2016/05/16 v1.4 Provides the ifluatex switch (HO)
Package ifluatex Info: LuaTeX not detected.
Package: ifvtex 2016/05/16 v1.6 Detect VTeX and its facilities (HO)
Package ifvtex Info: VTeX not detected.
Package: intcalc 2016/05/16 v1.2 Expandable calculations with integers (HO)
Package hobsub Info: Skipping package `ifpdf' (already loaded).
Package: etexcmds 2016/05/16 v1.6 Avoid name clashes with e-TeX commands (HO)
Package: kvsetkeys 2016/05/16 v1.17 Key value parser (HO)
Package: kvdefinekeys 2016/05/16 v1.4 Define keys (HO)
Package: pdftexcmds 2018/09/10 v0.29 Utility functions of pdfTeX for LuaTeX (HO
)
Package pdftexcmds Info: LuaTeX not detected.
Package pdftexcmds Info: \pdf@primitive is available.
Package pdftexcmds Info: \pdf@ifprimitive is available.
Package pdftexcmds Info: \pdfdraftmode found.
Package: pdfescape 2016/05/16 v1.14 Implements pdfTeX's escape features (HO)
Package: bigintcalc 2016/05/16 v1.4 Expandable calculations on big integers (HO
)
Package: bitset 2016/05/16 v1.2 Handle bit-vector datatype (HO)
Package: uniquecounter 2016/05/16 v1.3 Provide unlimited unique counter (HO)
)
Package hobsub Info: Skipping package `hobsub' (already loaded).
Package: letltxmacro 2016/05/16 v1.5 Let assignment for LaTeX macros (HO)
Package: hopatch 2016/05/16 v1.3 Wrapper for package hooks (HO)
Package: xcolor-patch 2016/05/16 xcolor patch
Package: atveryend 2016/05/16 v1.9 Hooks at the very end of document (HO)
Package atveryend Info: \enddocument detected (standard20110627).
Package: atbegshi 2016/06/09 v1.18 At begin shipout hook (HO)
Package: refcount 2016/05/16 v3.5 Data extraction from label references (HO)
Package: hycolor 2016/05/16 v1.8 Color options for hyperref/bookmark (HO)
)
("C:\Program Files\MiKTeX 2.9\tex/generic/ifxetex\ifxetex.sty"
Package: ifxetex 2010/09/12 v0.6 Provides ifxetex conditional
)
("C:\Program Files\MiKTeX 2.9\tex/latex/oberdiek\auxhook.sty"
Package: auxhook 2016/05/16 v1.4 Hooks for auxiliary files (HO)
)
("C:\Program Files\MiKTeX 2.9\tex/latex/oberdiek\kvoptions.sty"
Package: kvoptions 2016/05/16 v3.12 Key value format for package options (HO)
)
\@linkdim=\dimen294
\Hy@linkcounter=\count316
\Hy@pagecounter=\count317

("C:\Program Files\MiKTeX 2.9\tex/latex/hyperref\pd1enc.def"
File: pd1enc.def 2018/11/30 v6.88e Hyperref: PDFDocEncoding definition (HO)
Now handling font encoding PD1 ...
... no UTF-8 mapping file for font encoding PD1
)
\Hy@SavedSpaceFactor=\count318

("C:\Program Files\MiKTeX 2.9\tex/latex/00miktex\hyperref.cfg"
File: hyperref.cfg 2002/06/06 v1.2 hyperref configuration of TeXLive
)
Package hyperref Info: Hyper figures OFF on input line 4519.
Package hyperref Info: Link nesting OFF on input line 4524.
Package hyperref Info: Hyper index ON on input line 4527.
Package hyperref Info: Plain pages OFF on input line 4534.
Package hyperref Info: Backreferencing OFF on input line 4539.
Package hyperref Info: Implicit mode ON; LaTeX internals redefined.
Package hyperref Info: Bookmarks ON on input line 4772.
\c@Hy@tempcnt=\count319
LaTeX Info: Redefining \url on input line 5125.
\XeTeXLinkMargin=\dimen295
\Fld@menulength=\count320
\Field@Width=\dimen296
\Fld@charsize=\dimen297
Package hyperref Info: Hyper figures OFF on input line 6380.
Package hyperref Info: Link nesting OFF on input line 6385.
Package hyperref Info: Hyper index ON on input line 6388.
Package hyperref Info: backreferencing OFF on input line 6395.
Package hyperref Info: Link coloring OFF on input line 6400.
Package hyperref Info: Link coloring with OCG OFF on input line 6405.
Package hyperref Info: PDF/A mode OFF on input line 6410.
LaTeX Info: Redefining \ref on input line 6450.
LaTeX Info: Redefining \pageref on input line 6454.
\Hy@abspage=\count321
\c@Item=\count322
\c@Hfootnote=\count323
)
Package hyperref Info: Driver (autodetected): hpdftex.

("C:\Program Files\MiKTeX 2.9\tex/latex/hyperref\hpdftex.def"
File: hpdftex.def 2018/11/30 v6.88e Hyperref driver for pdfTeX
\Fld@listcount=\count324
\c@bookmark@seq@number=\count325

("C:\Program Files\MiKTeX 2.9\tex/latex/oberdiek\rerunfilecheck.sty"
Package: rerunfilecheck 2016/05/16 v1.8 Rerun checks for auxiliary files (HO)
Package uniquecounter Info: New unique counter `rerunfilecheck' on input line 2
82.
)
\Hy@SectionHShift=\skip80
)
Package hyperref Info: Option `colorlinks' set `true' on input line 55.
)
(thesis.aux)
\openout1 = `thesis.aux'.

LaTeX Font Info:    Checking defaults for OML/cmm/m/it on input line 110.
LaTeX Font Info:    ... okay on input line 110.
LaTeX Font Info:    Checking defaults for T1/cmr/m/n on input line 110.
LaTeX Font Info:    ... okay on input line 110.
LaTeX Font Info:    Checking defaults for OT1/cmr/m/n on input line 110.
LaTeX Font Info:    ... okay on input line 110.
LaTeX Font Info:    Checking defaults for OMS/cmsy/m/n on input line 110.
LaTeX Font Info:    ... okay on input line 110.
LaTeX Font Info:    Checking defaults for OMX/cmex/m/n on input line 110.
LaTeX Font Info:    ... okay on input line 110.
LaTeX Font Info:    Checking defaults for U/cmr/m/n on input line 110.
LaTeX Font Info:    ... okay on input line 110.
LaTeX Font Info:    Checking defaults for PD1/pdf/m/n on input line 110.
LaTeX Font Info:    ... okay on input line 110.
LaTeX Info: Redefining \microtypecontext on input line 110.
Package microtype Info: Generating PDF output.
Package microtype Info: Character protrusion enabled (level 2).
Package microtype Info: Using default protrusion set `alltext'.
Package microtype Info: Automatic font expansion enabled (level 2),
(microtype)             stretch: 20, shrink: 20, step: 1, non-selected.
Package microtype Info: Using default expansion set `basictext'.
Package microtype Info: No adjustment of tracking.
Package microtype Info: No adjustment of interword spacing.
Package microtype Info: No adjustment of character kerning.
 ("C:\Program Files\MiKTeX 2.9\tex/latex/microtype\mt-cmr.cfg"
File: mt-cmr.cfg 2013/05/19 v2.2 microtype config. file: Computer Modern Roman 
(RS)
)
("C:\Program Files\MiKTeX 2.9\tex/context/base/mkii\supp-pdf.mkii"
[Loading MPS to PDF converter (version 2006.09.02).]
\scratchcounter=\count326
\scratchdimen=\dimen298
\scratchbox=\box67
\nofMPsegments=\count327
\nofMParguments=\count328
\everyMPshowfont=\toks52
\MPscratchCnt=\count329
\MPscratchDim=\dimen299
\MPnumerator=\count330
\makeMPintoPDFobject=\count331
\everyMPtoPDFconversion=\toks53
) ("C:\Program Files\MiKTeX 2.9\tex/latex/oberdiek\epstopdf-base.sty"
Package: epstopdf-base 2016/05/15 v2.6 Base part for package epstopdf

("C:\Program Files\MiKTeX 2.9\tex/latex/oberdiek\grfext.sty"
Package: grfext 2016/05/16 v1.2 Manage graphics extensions (HO)
)
Package epstopdf-base Info: Redefining graphics rule for `.eps' on input line 4
38.
Package grfext Info: Graphics extension search list:
(grfext)             [.pdf,.png,.jpg,.mps,.jpeg,.jbig2,.jb2,.PDF,.PNG,.JPG,.JPE
G,.JBIG2,.JB2,.eps]
(grfext)             \AppendGraphicsExtensions on input line 456.
)
ABD: EveryShipout initializing macros
\c@lstlisting=\count332
LaTeX Font Info:    Try loading font information for U+msa on input line 110.

("C:\Program Files\MiKTeX 2.9\tex/latex/amsfonts\umsa.fd"
File: umsa.fd 2013/01/14 v3.01 AMS symbols A
)
("C:\Program Files\MiKTeX 2.9\tex/latex/microtype\mt-msa.cfg"
File: mt-msa.cfg 2006/02/04 v1.1 microtype config. file: AMS symbols (a) (RS)
)
LaTeX Font Info:    Try loading font information for U+msb on input line 110.

("C:\Program Files\MiKTeX 2.9\tex/latex/amsfonts\umsb.fd"
File: umsb.fd 2013/01/14 v3.01 AMS symbols B
)
("C:\Program Files\MiKTeX 2.9\tex/latex/microtype\mt-msb.cfg"
File: mt-msb.cfg 2005/06/01 v1.0 microtype config. file: AMS symbols (b) (RS)
)
Package xypdf Info: Line width: 0.47998pt on input line 110.
\AtBeginShipoutBox=\box68
Package hyperref Info: Link coloring ON on input line 110.

("C:\Program Files\MiKTeX 2.9\tex/latex/hyperref\nameref.sty"
Package: nameref 2016/05/21 v2.44 Cross-referencing by name of section

("C:\Program Files\MiKTeX 2.9\tex/generic/oberdiek\gettitlestring.sty"
Package: gettitlestring 2016/05/16 v1.5 Cleanup title references (HO)
)
\c@section@level=\count333
)
LaTeX Info: Redefining \ref on input line 110.
LaTeX Info: Redefining \pageref on input line 110.
LaTeX Info: Redefining \nameref on input line 110.

(thesis.out) (thesis.out)
\@outlinefile=\write5
\openout5 = `thesis.out'.

 [1

{C:/Users/jg463/AppData/Local/MiKTeX/2.9/pdftex/config/pdftex.map}] [2]
LaTeX Font Info:    Try loading font information for OMS+cmr on input line 284.

 ("C:\Program Files\MiKTeX 2.9\tex/latex/base\omscmr.fd"
File: omscmr.fd 2014/09/29 v2.5h Standard LaTeX font definitions
)
LaTeX Font Info:    Font shape `OMS/cmr/m/n' in size <12> not available
(Font)              Font shape `OMS/cmsy/m/n' tried instead on input line 284.

[3] [4] (vita.tex) [5] (acknowledge.tex) [6] [7] (abstract.tex [8]) [9]
(thesis.toc)
\tf@toc=\write6
\openout6 = `thesis.toc'.

 [10

] (thesis.lof)
\tf@lof=\write7
\openout7 = `thesis.lof'.

 [11

] (thesis.lot)
\tf@lot=\write8
\openout8 = `thesis.lot'.

 [12

]
(introduction/introduction.tex
Chapter 1.
) (background/background.tex [1

]
Chapter 2.
) (conclusions/conclusions.tex [2

]
Chapter 3.
) (appendix/app1.tex [3

]
Appendix A.
) (thesis.bbl [4

] [5

]) [6]
Package atveryend Info: Empty hook `BeforeClearDocument' on input line 396.
Package atveryend Info: Empty hook `AfterLastShipout' on input line 396.
 (thesis.aux)
Package atveryend Info: Executing hook `AtVeryEndDocument' on input line 396.
Package atveryend Info: Executing hook `AtEndAfterFileList' on input line 396.
Package rerunfilecheck Info: File `thesis.out' has not changed.
(rerunfilecheck)             Checksum: BC777F5AB7B8C642567F819EBF3CED71;458.
Package atveryend Info: Empty hook `AtVeryVeryEnd' on input line 396.
 ) 
Here is how much of TeX's memory you used:
 33105 strings out of 492945
 603739 string characters out of 3135513
 978647 words of memory out of 3000000
 36390 multiletter control sequences out of 15000+200000
 542646 words of font info for 86 fonts, out of 3000000 for 9000
 1141 hyphenation exceptions out of 8191
 64i,12n,81p,3239b,466s stack positions out of 5000i,500n,10000p,200000b,50000s
<C:/Program Files/MiKTeX 2.9/fonts/type1/public/amsfonts/cm/cmbx12.pfb><C:/Pr
ogram Files/MiKTeX 2.9/fonts/type1/public/amsfonts/cm/cmr12.pfb><C:/Program Fil
es/MiKTeX 2.9/fonts/type1/public/amsfonts/cm/cmsy10.pfb><C:/Program Files/MiKTe
X 2.9/fonts/type1/public/amsfonts/cm/cmti12.pfb>
Output written on thesis.pdf (18 pages, 102494 bytes).
PDF statistics:
 191 PDF objects out of 1000 (max. 8388607)
 39 named destinations out of 1000 (max. 500000)
 10421 words of extra memory for PDF output out of 12000 (max. 10000000)

